==========================================================================
MODIFY BSCAN SLEW UTILITY (Version 1.2)
--------------------------------------------------------------------------
Board           : 
Directory Path  : C:/Agilent_ICT/boards/superfuzzAc/Superfuzz_AC_73-102898_01
Date            : Tue Mar 22 17:23:24 2022
By              : Administrator (Administrator)
==========================================================================


Setting OS dependencies.....
   Checking OS...
   =>|MSWin32|
Identifying fixture design.....
   =>|Non-Panel|
Checking for Common Delimiter.....
Checking for board directory.....
Reading all boundary scan tests from testorder.....
Backing up original ITL file(s).....
   digital/u29_connect ---> digital/u29_connect.SAV...
   digital/u38_connect ---> digital/u38_connect.SAV...
   digital/u2_rt5_6_connect ---> digital/u2_rt5_6_connect.SAV...
   digital/u1_rt1_2_connect ---> digital/u1_rt1_2_connect.SAV...
   digital/u2_rt7_8_connect ---> digital/u2_rt7_8_connect.SAV...
   digital/u1_rt3_4_connect ---> digital/u1_rt3_4_connect.SAV...
   digital/u1_3_connect ---> digital/u1_3_connect.SAV...
   digital/u29_u1_3_aio ---> digital/u29_u1_3_aio.SAV...
   digital/u49_u49_dis ---> digital/u49_u49_dis.SAV...
   digital/u29_u1_3 ---> digital/u29_u1_3.SAV...
   digital/u2_rt1_2_connect ---> digital/u2_rt1_2_connect.SAV...
   digital/u1_rt5_6_connect ---> digital/u1_rt5_6_connect.SAV...
   digital/u49_connect ---> digital/u49_connect.SAV...
   digital/u29_u1_3_ps ---> digital/u29_u1_3_ps.SAV...
   digital/u37_connect ---> digital/u37_connect.SAV...
   digital/u2_rt3_4_connect ---> digital/u2_rt3_4_connect.SAV...
   digital/u30_connect ---> digital/u30_connect.SAV...
   digital/u1_rt7_8_connect ---> digital/u1_rt7_8_connect.SAV...
   digital/u29_u1_3_ps_aio ---> digital/u29_u1_3_ps_aio.SAV...
   digital/u1_rt9_connect ---> digital/u1_rt9_connect.SAV...
   digital/u29_u1_3_dis ---> digital/u29_u1_3_dis.SAV...
Working on digital/u29_connect.....
    Searching for TAP netnames.....
    Searching for existing slewrate settings.....
    Setting slew rate.....
    Compiling updated digital/u29_connect...(may take a while)
    The original ITL file was backed up to "digital/u29_connect.SAV".
Working on digital/u38_connect.....
    Searching for TAP netnames.....
    Searching for existing slewrate settings.....
    Setting slew rate.....
    Compiling updated digital/u38_connect...(may take a while)
    The original ITL file was backed up to "digital/u38_connect.SAV".
Working on digital/u2_rt5_6_connect.....
    Searching for TAP netnames.....
    Searching for existing slewrate settings.....
    Setting slew rate.....
    Compiling updated digital/u2_rt5_6_connect...(may take a while)
    The original ITL file was backed up to "digital/u2_rt5_6_connect.SAV".
Working on digital/u1_rt1_2_connect.....
    Searching for TAP netnames.....
    Searching for existing slewrate settings.....
    Setting slew rate.....
    Compiling updated digital/u1_rt1_2_connect...(may take a while)
    The original ITL file was backed up to "digital/u1_rt1_2_connect.SAV".
Working on digital/u2_rt7_8_connect.....
    Searching for TAP netnames.....
    Searching for existing slewrate settings.....
    Setting slew rate.....
    Compiling updated digital/u2_rt7_8_connect...(may take a while)
    The original ITL file was backed up to "digital/u2_rt7_8_connect.SAV".
Working on digital/u1_rt3_4_connect.....
    Searching for TAP netnames.....
    Searching for existing slewrate settings.....
    Setting slew rate.....
    Compiling updated digital/u1_rt3_4_connect...(may take a while)
    The original ITL file was backed up to "digital/u1_rt3_4_connect.SAV".
Working on digital/u1_3_connect.....
    Searching for TAP netnames.....
    Searching for existing slewrate settings.....
    Setting slew rate.....
    Compiling updated digital/u1_3_connect...(may take a while)
    The original ITL file was backed up to "digital/u1_3_connect.SAV".
Working on digital/u29_u1_3_aio.....
    Searching for TAP netnames.....
    Searching for existing slewrate settings.....
    Setting slew rate.....
    Compiling updated digital/u29_u1_3_aio...(may take a while)
    The original ITL file was backed up to "digital/u29_u1_3_aio.SAV".
Working on digital/u49_u49_dis.....
    Searching for TAP netnames.....
    Searching for existing slewrate settings.....
    Setting slew rate.....
    Compiling updated digital/u49_u49_dis...(may take a while)
    The original ITL file was backed up to "digital/u49_u49_dis.SAV".
Working on digital/u29_u1_3.....
    Searching for TAP netnames.....
    Searching for existing slewrate settings.....
    Setting slew rate.....
    Compiling updated digital/u29_u1_3...(may take a while)
    The original ITL file was backed up to "digital/u29_u1_3.SAV".
Working on digital/u2_rt1_2_connect.....
    Searching for TAP netnames.....
    Searching for existing slewrate settings.....
    Setting slew rate.....
    Compiling updated digital/u2_rt1_2_connect...(may take a while)
    The original ITL file was backed up to "digital/u2_rt1_2_connect.SAV".
Working on digital/u1_rt5_6_connect.....
    Searching for TAP netnames.....
    Searching for existing slewrate settings.....
    Setting slew rate.....
    Compiling updated digital/u1_rt5_6_connect...(may take a while)
    The original ITL file was backed up to "digital/u1_rt5_6_connect.SAV".
Working on digital/u49_connect.....
    Searching for TAP netnames.....
    Searching for existing slewrate settings.....
    Setting slew rate.....
    Compiling updated digital/u49_connect...(may take a while)
    The original ITL file was backed up to "digital/u49_connect.SAV".
Working on digital/u29_u1_3_ps.....
    Searching for TAP netnames.....
    Searching for existing slewrate settings.....
    Setting slew rate.....
    Compiling updated digital/u29_u1_3_ps...(may take a while)
    The original ITL file was backed up to "digital/u29_u1_3_ps.SAV".
Working on digital/u37_connect.....
    Searching for TAP netnames.....
    Searching for existing slewrate settings.....
    Setting slew rate.....
    Compiling updated digital/u37_connect...(may take a while)
    The original ITL file was backed up to "digital/u37_connect.SAV".
Working on digital/u2_rt3_4_connect.....
    Searching for TAP netnames.....
    Searching for existing slewrate settings.....
    Setting slew rate.....
    Compiling updated digital/u2_rt3_4_connect...(may take a while)
    The original ITL file was backed up to "digital/u2_rt3_4_connect.SAV".
Working on digital/u30_connect.....
    Searching for TAP netnames.....
    Searching for existing slewrate settings.....
    Setting slew rate.....
    Compiling updated digital/u30_connect...(may take a while)
    The original ITL file was backed up to "digital/u30_connect.SAV".
Working on digital/u1_rt7_8_connect.....
    Searching for TAP netnames.....
    Searching for existing slewrate settings.....
    Setting slew rate.....
    Compiling updated digital/u1_rt7_8_connect...(may take a while)
    The original ITL file was backed up to "digital/u1_rt7_8_connect.SAV".
Working on digital/u29_u1_3_ps_aio.....
    Searching for TAP netnames.....
    Searching for existing slewrate settings.....
    Setting slew rate.....
    Compiling updated digital/u29_u1_3_ps_aio...(may take a while)
    The original ITL file was backed up to "digital/u29_u1_3_ps_aio.SAV".
Working on digital/u1_rt9_connect.....
    Searching for TAP netnames.....
    Searching for existing slewrate settings.....
    Setting slew rate.....
    Compiling updated digital/u1_rt9_connect...(may take a while)
    The original ITL file was backed up to "digital/u1_rt9_connect.SAV".
Working on digital/u29_u1_3_dis.....
    Searching for TAP netnames.....
    Searching for existing slewrate settings.....
    Setting slew rate.....
    Compiling updated digital/u29_u1_3_dis...(may take a while)
    The original ITL file was backed up to "digital/u29_u1_3_dis.SAV".

Done.

