-------------------------------------------------------------------------------
AGILENT 3070 BOARD TEST GRADER               Tue May 17 14:38:04 2022  page 1  

Analog  Functional     Vacuum Off REPORT
-------------------------------------------------------------------------------

Board Path:              ./
Board Serial #:          Board1
Date of Data generation: Fri May 13 09:02:50 2022

Number of test runs (in config.bdg): 1
Number of tests: 45
Number of tests performing correctly (i.e. failed): 36
Number of tests performing incorrectly (i.e. passed): 9

Tests that executed with vacuum off incorrectly (i.e. passed):
u1_q0
u1_q0,OUT1_Disable
u1_q0,OUT2_Disable
u1_q1
u1_q1,OUT1_Disable
u1_q1,OUT2_Disable
u1_q2
u1_q2,OUT1_Disable
u1_q2,OUT2_Disable

For more Information, please examine: ana_fun_vac_off.dat
