-------------------------------------------------------------------------------
AGILENT 3070 BOARD TEST GRADER               Tue May 17 14:38:04 2022  page 1  

Digital Incircuit      Fault Coverage REPORT
-------------------------------------------------------------------------------

Board Path:              ./
Board Serial #:          Board1
Date of Data generation: Tue May 17 14:27:26 2022

Number of test runs (in config.bdg): 1
Number of tests: 51

Designator                                   -Drive Faults-  Receive Faults Com
                                               #      #        #      #     Ref
                                             Fault  Fault    Fault  Fault
                                             Found  Not Fnd  Found  Not Fnd

U24                                            18       0       3       0   ...
U1_1V2S                                         6       0       3       0   ...
U1_5                                            8       1       3       0   ...
U1_RTV1                                         8       1       3       0   ...
U1_RTV2                                         8       1       3       0   ...
U1_SF0                                          6       0       3       0   ...
U1_SF1                                          6       0       3       0   ...
U15_5V                                          6       0       3       0   ...
U16_3V3                                         6       0       3       0   ...
U13_PM                                         12       0       3       0   ...
U56                                             7       2       3       0   ...
U72                                             6       6       3       0   ...
U59                                             8       4       3       0   ...
U3_A                                            6       0       3       0   ...
U4                                              3       0       3       0   ...
U7                                             15       0       9       0   ...
U25                                            27       0       9       0   ...
U46                                             3       0       3       0   ...
U48                                            27       0      15       0   ...
U96                                            24       0       9       0   ...
U57                                            30       0       3       0   ...
U19                                             6       0       6       0   ...
U20                                            13       2       9       0   ...
U21                                            13       2       9       0   ...
U23                                             9       0       3       0   ...
U26                                            15       0      27       0   ...
U27                                            15       0      27       0   ...
U31                                            15       0      27       0   ...
U32                                            15       0      27       0   ...
U35                                            15       0      27       0   ...
U36                                            15       0      24       0   ...
U40                                            12       0      21       0   ...
U41                                            15       0      12       0   ...
U42                                            21       0      15       0   ...
U43                                            42       9      24      24   ...
U55                                            18       0      18       0   ...
U103                                           15       0      27       0   ...
U106                                           15       0      27       0   ...
U107                                           15       0      27       0   ...
U108                                           15       0      27       0   ...
U115                                           15       0      27       0   ...
U116                                           15       0      24       0   ...
U138                                           12       0       6       0   ...
U8                                             30       0      12       0   ...
U10                                            21       6       9       0   ...
U12                                            12       0       6       0   ...
U6                                              3       3       6       0   ...
U14                                             3       3       6       0   ...
U50                                            30       0      18       0   ...
U61                                            30       0      21       0   ...
U45                                             6       0       3       0   ...

For more Information, please examine: dig_inc_ver_fau.dat
